info: 151dasd {"timestamp":"2023-01-29T12:01:19.711Z"}
info: AppController {/api/v1}: {"context":"RoutesResolver","timestamp":"2023-01-29T12:01:19.723Z"}
info: Mapped {/api/v1, GET} route {"context":"RouterExplorer","timestamp":"2023-01-29T12:01:19.727Z"}
info: UserController {/api/v1/user}: {"context":"RoutesResolver","timestamp":"2023-01-29T12:01:19.728Z"}
info: Mapped {/api/v1/user/getUser/:id, GET} route {"context":"RouterExplorer","timestamp":"2023-01-29T12:01:19.730Z"}
info: Mapped {/api/v1/user/getUsers, GET} route {"context":"RouterExplorer","timestamp":"2023-01-29T12:01:19.732Z"}
info: Mapped {/api/v1/user/adduser, POST} route {"context":"RouterExplorer","timestamp":"2023-01-29T12:01:19.734Z"}
info: Mapped {/api/v1/user/remove, POST} route {"context":"RouterExplorer","timestamp":"2023-01-29T12:01:19.735Z"}
info: Mapped {/api/v1/user/profile, GET} route {"context":"RouterExplorer","timestamp":"2023-01-29T12:01:19.736Z"}
info: Mapped {/api/v1/user/logs, GET} route {"context":"RouterExplorer","timestamp":"2023-01-29T12:01:19.738Z"}
info: Mapped {/api/v1/user/deleteUser/:id, DELETE} route {"context":"RouterExplorer","timestamp":"2023-01-29T12:01:19.739Z"}
info: Mapped {/api/v1/user/upDateUser/:id/:name, PATCH} route {"context":"RouterExplorer","timestamp":"2023-01-29T12:01:19.741Z"}
info: Mapped {/api/v1/user/logByGroup, GET} route {"context":"RouterExplorer","timestamp":"2023-01-29T12:01:19.742Z"}
info: Nest application successfully started {"context":"NestApplication","timestamp":"2023-01-29T12:01:19.747Z"}
info: 151dasd {"timestamp":"2023-01-29T12:02:26.602Z"}
info: AppController {/api/v1}: {"context":"RoutesResolver","timestamp":"2023-01-29T12:02:26.632Z"}
info: Mapped {/api/v1, GET} route {"context":"RouterExplorer","timestamp":"2023-01-29T12:02:26.664Z"}
info: UserController {/api/v1/user}: {"context":"RoutesResolver","timestamp":"2023-01-29T12:02:26.668Z"}
info: Mapped {/api/v1/user/getUser/:id, GET} route {"context":"RouterExplorer","timestamp":"2023-01-29T12:02:26.686Z"}
info: Mapped {/api/v1/user/getUsers, GET} route {"context":"RouterExplorer","timestamp":"2023-01-29T12:02:26.714Z"}
info: Mapped {/api/v1/user/adduser, POST} route {"context":"RouterExplorer","timestamp":"2023-01-29T12:02:26.728Z"}
info: Mapped {/api/v1/user/remove, POST} route {"context":"RouterExplorer","timestamp":"2023-01-29T12:02:26.750Z"}
info: Mapped {/api/v1/user/profile, GET} route {"context":"RouterExplorer","timestamp":"2023-01-29T12:02:26.778Z"}
info: Mapped {/api/v1/user/logs, GET} route {"context":"RouterExplorer","timestamp":"2023-01-29T12:02:26.784Z"}
info: Mapped {/api/v1/user/deleteUser/:id, DELETE} route {"context":"RouterExplorer","timestamp":"2023-01-29T12:02:26.804Z"}
info: Mapped {/api/v1/user/upDateUser/:id/:name, PATCH} route {"context":"RouterExplorer","timestamp":"2023-01-29T12:02:26.816Z"}
info: Mapped {/api/v1/user/logByGroup, GET} route {"context":"RouterExplorer","timestamp":"2023-01-29T12:02:26.831Z"}
info: Nest application successfully started {"context":"NestApplication","timestamp":"2023-01-29T12:02:26.850Z"}
info: 151dasd {"timestamp":"2023-01-29T12:02:37.447Z"}
info: AppController {/api/v1}: {"context":"RoutesResolver","timestamp":"2023-01-29T12:02:37.463Z"}
info: Mapped {/api/v1, GET} route {"context":"RouterExplorer","timestamp":"2023-01-29T12:02:37.467Z"}
info: UserController {/api/v1/user}: {"context":"RoutesResolver","timestamp":"2023-01-29T12:02:37.478Z"}
info: Mapped {/api/v1/user/getUser/:id, GET} route {"context":"RouterExplorer","timestamp":"2023-01-29T12:02:37.482Z"}
info: Mapped {/api/v1/user/getUsers, GET} route {"context":"RouterExplorer","timestamp":"2023-01-29T12:02:37.505Z"}
info: Mapped {/api/v1/user/adduser, POST} route {"context":"RouterExplorer","timestamp":"2023-01-29T12:02:37.529Z"}
info: Mapped {/api/v1/user/remove, POST} route {"context":"RouterExplorer","timestamp":"2023-01-29T12:02:37.587Z"}
info: Mapped {/api/v1/user/profile, GET} route {"context":"RouterExplorer","timestamp":"2023-01-29T12:02:37.598Z"}
info: Mapped {/api/v1/user/logs, GET} route {"context":"RouterExplorer","timestamp":"2023-01-29T12:02:37.605Z"}
info: Mapped {/api/v1/user/deleteUser/:id, DELETE} route {"context":"RouterExplorer","timestamp":"2023-01-29T12:02:37.610Z"}
info: Mapped {/api/v1/user/upDateUser/:id/:name, PATCH} route {"context":"RouterExplorer","timestamp":"2023-01-29T12:02:37.613Z"}
info: Mapped {/api/v1/user/logByGroup, GET} route {"context":"RouterExplorer","timestamp":"2023-01-29T12:02:37.615Z"}
info: Nest application successfully started {"context":"NestApplication","timestamp":"2023-01-29T12:02:37.633Z"}
info: 151dasd {"timestamp":"2023-01-29T12:06:13.173Z"}
info: AppController {/api/v1}: {"context":"RoutesResolver","timestamp":"2023-01-29T12:06:13.218Z"}
info: Mapped {/api/v1, GET} route {"context":"RouterExplorer","timestamp":"2023-01-29T12:06:13.228Z"}
info: UserController {/api/v1/user}: {"context":"RoutesResolver","timestamp":"2023-01-29T12:06:13.231Z"}
info: Mapped {/api/v1/user/getUser/:id, GET} route {"context":"RouterExplorer","timestamp":"2023-01-29T12:06:13.235Z"}
info: Mapped {/api/v1/user/getUsers, GET} route {"context":"RouterExplorer","timestamp":"2023-01-29T12:06:13.240Z"}
info: Mapped {/api/v1/user/adduser, POST} route {"context":"RouterExplorer","timestamp":"2023-01-29T12:06:13.251Z"}
info: Mapped {/api/v1/user/remove, POST} route {"context":"RouterExplorer","timestamp":"2023-01-29T12:06:13.257Z"}
info: Mapped {/api/v1/user/profile, GET} route {"context":"RouterExplorer","timestamp":"2023-01-29T12:06:13.265Z"}
info: Mapped {/api/v1/user/logs, GET} route {"context":"RouterExplorer","timestamp":"2023-01-29T12:06:13.268Z"}
info: Mapped {/api/v1/user/deleteUser/:id, DELETE} route {"context":"RouterExplorer","timestamp":"2023-01-29T12:06:13.271Z"}
info: Mapped {/api/v1/user/upDateUser/:id/:name, PATCH} route {"context":"RouterExplorer","timestamp":"2023-01-29T12:06:13.274Z"}
info: Mapped {/api/v1/user/logByGroup, GET} route {"context":"RouterExplorer","timestamp":"2023-01-29T12:06:13.277Z"}
info: Nest application successfully started {"context":"NestApplication","timestamp":"2023-01-29T12:06:13.291Z"}
info: 151dasd {"timestamp":"2023-01-29T12:07:35.141Z"}
info: AppController {/api/v1}: {"context":"RoutesResolver","timestamp":"2023-01-29T12:07:35.156Z"}
info: Mapped {/api/v1, GET} route {"context":"RouterExplorer","timestamp":"2023-01-29T12:07:35.161Z"}
info: UserController {/api/v1/user}: {"context":"RoutesResolver","timestamp":"2023-01-29T12:07:35.162Z"}
info: Mapped {/api/v1/user/getUser/:id, GET} route {"context":"RouterExplorer","timestamp":"2023-01-29T12:07:35.164Z"}
info: Mapped {/api/v1/user/getUsers, GET} route {"context":"RouterExplorer","timestamp":"2023-01-29T12:07:35.168Z"}
info: Mapped {/api/v1/user/adduser, POST} route {"context":"RouterExplorer","timestamp":"2023-01-29T12:07:35.170Z"}
info: Mapped {/api/v1/user/remove, POST} route {"context":"RouterExplorer","timestamp":"2023-01-29T12:07:35.173Z"}
info: Mapped {/api/v1/user/profile, GET} route {"context":"RouterExplorer","timestamp":"2023-01-29T12:07:35.175Z"}
info: Mapped {/api/v1/user/logs, GET} route {"context":"RouterExplorer","timestamp":"2023-01-29T12:07:35.177Z"}
info: Mapped {/api/v1/user/deleteUser/:id, DELETE} route {"context":"RouterExplorer","timestamp":"2023-01-29T12:07:35.179Z"}
info: Mapped {/api/v1/user/upDateUser/:id/:name, PATCH} route {"context":"RouterExplorer","timestamp":"2023-01-29T12:07:35.182Z"}
info: Mapped {/api/v1/user/logByGroup, GET} route {"context":"RouterExplorer","timestamp":"2023-01-29T12:07:35.185Z"}
info: Nest application successfully started {"context":"NestApplication","timestamp":"2023-01-29T12:07:35.191Z"}
info: 151dasd {"timestamp":"2023-01-29T12:07:48.882Z"}
info: AppController {/api/v1}: {"context":"RoutesResolver","timestamp":"2023-01-29T12:07:48.897Z"}
info: Mapped {/api/v1, GET} route {"context":"RouterExplorer","timestamp":"2023-01-29T12:07:48.909Z"}
info: UserController {/api/v1/user}: {"context":"RoutesResolver","timestamp":"2023-01-29T12:07:48.911Z"}
info: Mapped {/api/v1/user/getUser/:id, GET} route {"context":"RouterExplorer","timestamp":"2023-01-29T12:07:48.913Z"}
info: Mapped {/api/v1/user/getUsers, GET} route {"context":"RouterExplorer","timestamp":"2023-01-29T12:07:48.916Z"}
info: Mapped {/api/v1/user/adduser, POST} route {"context":"RouterExplorer","timestamp":"2023-01-29T12:07:48.919Z"}
info: Mapped {/api/v1/user/remove, POST} route {"context":"RouterExplorer","timestamp":"2023-01-29T12:07:48.921Z"}
info: Mapped {/api/v1/user/profile, GET} route {"context":"RouterExplorer","timestamp":"2023-01-29T12:07:48.923Z"}
info: Mapped {/api/v1/user/logs, GET} route {"context":"RouterExplorer","timestamp":"2023-01-29T12:07:48.926Z"}
info: Mapped {/api/v1/user/deleteUser/:id, DELETE} route {"context":"RouterExplorer","timestamp":"2023-01-29T12:07:48.928Z"}
info: Mapped {/api/v1/user/upDateUser/:id/:name, PATCH} route {"context":"RouterExplorer","timestamp":"2023-01-29T12:07:48.932Z"}
info: Mapped {/api/v1/user/logByGroup, GET} route {"context":"RouterExplorer","timestamp":"2023-01-29T12:07:48.935Z"}
info: Nest application successfully started {"context":"NestApplication","timestamp":"2023-01-29T12:07:48.940Z"}
info: 151dasd {"timestamp":"2023-01-29T12:09:24.005Z"}
info: AppController {/api/v1}: {"context":"RoutesResolver","timestamp":"2023-01-29T12:09:24.033Z"}
info: Mapped {/api/v1, GET} route {"context":"RouterExplorer","timestamp":"2023-01-29T12:09:24.048Z"}
info: UserController {/api/v1/user}: {"context":"RoutesResolver","timestamp":"2023-01-29T12:09:24.049Z"}
info: Mapped {/api/v1/user/getUser/:id, GET} route {"context":"RouterExplorer","timestamp":"2023-01-29T12:09:24.054Z"}
info: Mapped {/api/v1/user/getUsers, GET} route {"context":"RouterExplorer","timestamp":"2023-01-29T12:09:24.064Z"}
info: Mapped {/api/v1/user/adduser, POST} route {"context":"RouterExplorer","timestamp":"2023-01-29T12:09:24.067Z"}
info: Mapped {/api/v1/user/remove, POST} route {"context":"RouterExplorer","timestamp":"2023-01-29T12:09:24.072Z"}
info: Mapped {/api/v1/user/profile, GET} route {"context":"RouterExplorer","timestamp":"2023-01-29T12:09:24.077Z"}
info: Mapped {/api/v1/user/logs, GET} route {"context":"RouterExplorer","timestamp":"2023-01-29T12:09:24.080Z"}
info: Mapped {/api/v1/user/deleteUser/:id, DELETE} route {"context":"RouterExplorer","timestamp":"2023-01-29T12:09:24.082Z"}
info: Mapped {/api/v1/user/upDateUser/:id/:name, PATCH} route {"context":"RouterExplorer","timestamp":"2023-01-29T12:09:24.088Z"}
info: Mapped {/api/v1/user/logByGroup, GET} route {"context":"RouterExplorer","timestamp":"2023-01-29T12:09:24.098Z"}
info: Nest application successfully started {"context":"NestApplication","timestamp":"2023-01-29T12:09:24.115Z"}
info: 151dasd {"timestamp":"2023-01-29T12:11:42.625Z"}
info: AppController {/api/v1}: {"context":"RoutesResolver","timestamp":"2023-01-29T12:11:42.638Z"}
info: Mapped {/api/v1, GET} route {"context":"RouterExplorer","timestamp":"2023-01-29T12:11:42.642Z"}
info: UserController {/api/v1/user}: {"context":"RoutesResolver","timestamp":"2023-01-29T12:11:42.643Z"}
info: Mapped {/api/v1/user/getUser/:id, GET} route {"context":"RouterExplorer","timestamp":"2023-01-29T12:11:42.645Z"}
info: Mapped {/api/v1/user/getUsers, GET} route {"context":"RouterExplorer","timestamp":"2023-01-29T12:11:42.647Z"}
info: Mapped {/api/v1/user/adduser, POST} route {"context":"RouterExplorer","timestamp":"2023-01-29T12:11:42.648Z"}
info: Mapped {/api/v1/user/remove, POST} route {"context":"RouterExplorer","timestamp":"2023-01-29T12:11:42.649Z"}
info: Mapped {/api/v1/user/profile, GET} route {"context":"RouterExplorer","timestamp":"2023-01-29T12:11:42.650Z"}
info: Mapped {/api/v1/user/logs, GET} route {"context":"RouterExplorer","timestamp":"2023-01-29T12:11:42.652Z"}
info: Mapped {/api/v1/user/deleteUser/:id, DELETE} route {"context":"RouterExplorer","timestamp":"2023-01-29T12:11:42.657Z"}
info: Mapped {/api/v1/user/upDateUser/:id/:name, PATCH} route {"context":"RouterExplorer","timestamp":"2023-01-29T12:11:42.663Z"}
info: Mapped {/api/v1/user/logByGroup, GET} route {"context":"RouterExplorer","timestamp":"2023-01-29T12:11:42.664Z"}
info: Nest application successfully started {"context":"NestApplication","timestamp":"2023-01-29T12:11:42.669Z"}
