info: 151dasd {"timestamp":"2023-01-29T15:39:26.118Z"}
info: AppController {/api/v1}: {"context":"RoutesResolver","timestamp":"2023-01-29T15:39:26.135Z"}
info: Mapped {/api/v1, GET} route {"context":"RouterExplorer","timestamp":"2023-01-29T15:39:26.140Z"}
info: UserController {/api/v1/user}: {"context":"RoutesResolver","timestamp":"2023-01-29T15:39:26.142Z"}
info: Mapped {/api/v1/user/getUser/:id, GET} route {"context":"RouterExplorer","timestamp":"2023-01-29T15:39:26.144Z"}
info: Mapped {/api/v1/user/getUsers, GET} route {"context":"RouterExplorer","timestamp":"2023-01-29T15:39:26.148Z"}
info: Mapped {/api/v1/user/adduser, POST} route {"context":"RouterExplorer","timestamp":"2023-01-29T15:39:26.149Z"}
info: Mapped {/api/v1/user/remove, POST} route {"context":"RouterExplorer","timestamp":"2023-01-29T15:39:26.151Z"}
info: Mapped {/api/v1/user/profile, GET} route {"context":"RouterExplorer","timestamp":"2023-01-29T15:39:26.153Z"}
info: Mapped {/api/v1/user/logs, GET} route {"context":"RouterExplorer","timestamp":"2023-01-29T15:39:26.155Z"}
info: Mapped {/api/v1/user/deleteUser/:id, DELETE} route {"context":"RouterExplorer","timestamp":"2023-01-29T15:39:26.157Z"}
info: Mapped {/api/v1/user/upDateUser/:id/:name, PATCH} route {"context":"RouterExplorer","timestamp":"2023-01-29T15:39:26.162Z"}
info: Mapped {/api/v1/user/logByGroup, GET} route {"context":"RouterExplorer","timestamp":"2023-01-29T15:39:26.164Z"}
info: Nest application successfully started {"context":"NestApplication","timestamp":"2023-01-29T15:39:26.174Z"}
info: 151dasd {"timestamp":"2023-01-29T15:41:40.825Z"}
info: AppController {/api/v1}: {"context":"RoutesResolver","timestamp":"2023-01-29T15:41:40.840Z"}
info: Mapped {/api/v1, GET} route {"context":"RouterExplorer","timestamp":"2023-01-29T15:41:40.847Z"}
info: UserController {/api/v1/user}: {"context":"RoutesResolver","timestamp":"2023-01-29T15:41:40.848Z"}
info: Mapped {/api/v1/user/getUser/:id, GET} route {"context":"RouterExplorer","timestamp":"2023-01-29T15:41:40.851Z"}
info: Mapped {/api/v1/user/getUsers, GET} route {"context":"RouterExplorer","timestamp":"2023-01-29T15:41:40.853Z"}
info: Mapped {/api/v1/user/adduser, POST} route {"context":"RouterExplorer","timestamp":"2023-01-29T15:41:40.854Z"}
info: Mapped {/api/v1/user/remove, POST} route {"context":"RouterExplorer","timestamp":"2023-01-29T15:41:40.856Z"}
info: Mapped {/api/v1/user/profile, GET} route {"context":"RouterExplorer","timestamp":"2023-01-29T15:41:40.859Z"}
info: Mapped {/api/v1/user/logs, GET} route {"context":"RouterExplorer","timestamp":"2023-01-29T15:41:40.862Z"}
info: Mapped {/api/v1/user/deleteUser/:id, DELETE} route {"context":"RouterExplorer","timestamp":"2023-01-29T15:41:40.864Z"}
info: Mapped {/api/v1/user/upDateUser/:id/:name, PATCH} route {"context":"RouterExplorer","timestamp":"2023-01-29T15:41:40.866Z"}
info: Mapped {/api/v1/user/logByGroup, GET} route {"context":"RouterExplorer","timestamp":"2023-01-29T15:41:40.868Z"}
info: Nest application successfully started {"context":"NestApplication","timestamp":"2023-01-29T15:41:40.873Z"}
info: 151dasd {"timestamp":"2023-01-29T15:42:24.447Z"}
info: AppController {/api/v1}: {"context":"RoutesResolver","timestamp":"2023-01-29T15:42:24.478Z"}
info: Mapped {/api/v1, GET} route {"context":"RouterExplorer","timestamp":"2023-01-29T15:42:24.491Z"}
info: UserController {/api/v1/user}: {"context":"RoutesResolver","timestamp":"2023-01-29T15:42:24.494Z"}
info: Mapped {/api/v1/user/getUser/:id, GET} route {"context":"RouterExplorer","timestamp":"2023-01-29T15:42:24.502Z"}
info: Mapped {/api/v1/user/getUsers, GET} route {"context":"RouterExplorer","timestamp":"2023-01-29T15:42:24.512Z"}
info: Mapped {/api/v1/user/adduser, POST} route {"context":"RouterExplorer","timestamp":"2023-01-29T15:42:24.515Z"}
info: Mapped {/api/v1/user/remove, POST} route {"context":"RouterExplorer","timestamp":"2023-01-29T15:42:24.527Z"}
info: Mapped {/api/v1/user/profile, GET} route {"context":"RouterExplorer","timestamp":"2023-01-29T15:42:24.541Z"}
info: Mapped {/api/v1/user/logs, GET} route {"context":"RouterExplorer","timestamp":"2023-01-29T15:42:24.549Z"}
info: Mapped {/api/v1/user/deleteUser/:id, DELETE} route {"context":"RouterExplorer","timestamp":"2023-01-29T15:42:24.579Z"}
info: Mapped {/api/v1/user/upDateUser/:id/:name, PATCH} route {"context":"RouterExplorer","timestamp":"2023-01-29T15:42:24.601Z"}
info: Mapped {/api/v1/user/logByGroup, GET} route {"context":"RouterExplorer","timestamp":"2023-01-29T15:42:24.614Z"}
info: Nest application successfully started {"context":"NestApplication","timestamp":"2023-01-29T15:42:24.636Z"}
info: 151dasd {"timestamp":"2023-01-29T15:47:09.808Z"}
info: AppController {/api/v1}: {"context":"RoutesResolver","timestamp":"2023-01-29T15:47:09.828Z"}
info: Mapped {/api/v1, GET} route {"context":"RouterExplorer","timestamp":"2023-01-29T15:47:09.832Z"}
info: UserController {/api/v1/user}: {"context":"RoutesResolver","timestamp":"2023-01-29T15:47:09.835Z"}
info: Mapped {/api/v1/user/getUser/:id, GET} route {"context":"RouterExplorer","timestamp":"2023-01-29T15:47:09.843Z"}
info: Mapped {/api/v1/user/getUsers, GET} route {"context":"RouterExplorer","timestamp":"2023-01-29T15:47:09.845Z"}
info: Mapped {/api/v1/user/adduser, POST} route {"context":"RouterExplorer","timestamp":"2023-01-29T15:47:09.847Z"}
info: Mapped {/api/v1/user/remove, POST} route {"context":"RouterExplorer","timestamp":"2023-01-29T15:47:09.849Z"}
info: Mapped {/api/v1/user/profile, GET} route {"context":"RouterExplorer","timestamp":"2023-01-29T15:47:09.851Z"}
info: Mapped {/api/v1/user/logs, GET} route {"context":"RouterExplorer","timestamp":"2023-01-29T15:47:09.853Z"}
info: Mapped {/api/v1/user/deleteUser/:id, DELETE} route {"context":"RouterExplorer","timestamp":"2023-01-29T15:47:09.862Z"}
info: Mapped {/api/v1/user/upDateUser/:id/:name, PATCH} route {"context":"RouterExplorer","timestamp":"2023-01-29T15:47:09.865Z"}
info: Mapped {/api/v1/user/logByGroup, GET} route {"context":"RouterExplorer","timestamp":"2023-01-29T15:47:09.868Z"}
info: Nest application successfully started {"context":"NestApplication","timestamp":"2023-01-29T15:47:09.882Z"}
