info: 151dasd {"timestamp":"2023-01-30T07:02:33.727Z"}
info: AppController {/api/v1}: {"context":"RoutesResolver","timestamp":"2023-01-30T07:02:33.748Z"}
info: Mapped {/api/v1, GET} route {"context":"RouterExplorer","timestamp":"2023-01-30T07:02:33.756Z"}
info: UserController {/api/v1/user}: {"context":"RoutesResolver","timestamp":"2023-01-30T07:02:33.758Z"}
info: Mapped {/api/v1/user/getUser/:id, GET} route {"context":"RouterExplorer","timestamp":"2023-01-30T07:02:33.760Z"}
info: Mapped {/api/v1/user/getUsers, GET} route {"context":"RouterExplorer","timestamp":"2023-01-30T07:02:33.763Z"}
info: Mapped {/api/v1/user/adduser, POST} route {"context":"RouterExplorer","timestamp":"2023-01-30T07:02:33.779Z"}
info: Mapped {/api/v1/user/remove, POST} route {"context":"RouterExplorer","timestamp":"2023-01-30T07:02:33.795Z"}
info: Mapped {/api/v1/user/profile, GET} route {"context":"RouterExplorer","timestamp":"2023-01-30T07:02:33.808Z"}
info: Mapped {/api/v1/user/logs, GET} route {"context":"RouterExplorer","timestamp":"2023-01-30T07:02:33.854Z"}
info: Mapped {/api/v1/user/deleteUser/:id, DELETE} route {"context":"RouterExplorer","timestamp":"2023-01-30T07:02:33.859Z"}
info: Mapped {/api/v1/user/upDateUser/:id, PATCH} route {"context":"RouterExplorer","timestamp":"2023-01-30T07:02:33.868Z"}
info: Mapped {/api/v1/user/logByGroup, GET} route {"context":"RouterExplorer","timestamp":"2023-01-30T07:02:33.871Z"}
info: AuthController {/api/v1/auth}: {"context":"RoutesResolver","timestamp":"2023-01-30T07:02:33.873Z"}
info: Mapped {/api/v1/auth/signin, POST} route {"context":"RouterExplorer","timestamp":"2023-01-30T07:02:33.876Z"}
info: Mapped {/api/v1/auth/signup, POST} route {"context":"RouterExplorer","timestamp":"2023-01-30T07:02:33.878Z"}
info: Nest application successfully started {"context":"NestApplication","timestamp":"2023-01-30T07:02:33.890Z"}
info: 151dasd {"timestamp":"2023-01-30T07:17:18.956Z"}
info: AppController {/api/v1}: {"context":"RoutesResolver","timestamp":"2023-01-30T07:17:18.981Z"}
info: Mapped {/api/v1, GET} route {"context":"RouterExplorer","timestamp":"2023-01-30T07:17:18.990Z"}
info: UserController {/api/v1/user}: {"context":"RoutesResolver","timestamp":"2023-01-30T07:17:18.991Z"}
info: Mapped {/api/v1/user/getUser/:id, GET} route {"context":"RouterExplorer","timestamp":"2023-01-30T07:17:18.994Z"}
info: Mapped {/api/v1/user/getUsers, GET} route {"context":"RouterExplorer","timestamp":"2023-01-30T07:17:18.996Z"}
info: Mapped {/api/v1/user/adduser, POST} route {"context":"RouterExplorer","timestamp":"2023-01-30T07:17:19.000Z"}
info: Mapped {/api/v1/user/remove, POST} route {"context":"RouterExplorer","timestamp":"2023-01-30T07:17:19.004Z"}
info: Mapped {/api/v1/user/profile, GET} route {"context":"RouterExplorer","timestamp":"2023-01-30T07:17:19.007Z"}
info: Mapped {/api/v1/user/logs, GET} route {"context":"RouterExplorer","timestamp":"2023-01-30T07:17:19.010Z"}
info: Mapped {/api/v1/user/deleteUser/:id, DELETE} route {"context":"RouterExplorer","timestamp":"2023-01-30T07:17:19.013Z"}
info: Mapped {/api/v1/user/upDateUser/:id, PATCH} route {"context":"RouterExplorer","timestamp":"2023-01-30T07:17:19.020Z"}
info: Mapped {/api/v1/user/logByGroup, GET} route {"context":"RouterExplorer","timestamp":"2023-01-30T07:17:19.022Z"}
info: AuthController {/api/v1/auth}: {"context":"RoutesResolver","timestamp":"2023-01-30T07:17:19.024Z"}
info: Mapped {/api/v1/auth/signin, POST} route {"context":"RouterExplorer","timestamp":"2023-01-30T07:17:19.026Z"}
info: Mapped {/api/v1/auth/signup, POST} route {"context":"RouterExplorer","timestamp":"2023-01-30T07:17:19.028Z"}
info: Nest application successfully started {"context":"NestApplication","timestamp":"2023-01-30T07:17:19.041Z"}
info: 151dasd {"timestamp":"2023-01-30T07:19:36.915Z"}
info: AppController {/api/v1}: {"context":"RoutesResolver","timestamp":"2023-01-30T07:19:36.938Z"}
info: Mapped {/api/v1, GET} route {"context":"RouterExplorer","timestamp":"2023-01-30T07:19:36.944Z"}
info: UserController {/api/v1/user}: {"context":"RoutesResolver","timestamp":"2023-01-30T07:19:36.946Z"}
info: Mapped {/api/v1/user/getUser/:id, GET} route {"context":"RouterExplorer","timestamp":"2023-01-30T07:19:36.948Z"}
info: Mapped {/api/v1/user/getUsers, GET} route {"context":"RouterExplorer","timestamp":"2023-01-30T07:19:36.951Z"}
info: Mapped {/api/v1/user/adduser, POST} route {"context":"RouterExplorer","timestamp":"2023-01-30T07:19:36.953Z"}
info: Mapped {/api/v1/user/remove, POST} route {"context":"RouterExplorer","timestamp":"2023-01-30T07:19:36.955Z"}
info: Mapped {/api/v1/user/profile, GET} route {"context":"RouterExplorer","timestamp":"2023-01-30T07:19:36.958Z"}
info: Mapped {/api/v1/user/logs, GET} route {"context":"RouterExplorer","timestamp":"2023-01-30T07:19:37.011Z"}
info: Mapped {/api/v1/user/deleteUser/:id, DELETE} route {"context":"RouterExplorer","timestamp":"2023-01-30T07:19:37.027Z"}
info: Mapped {/api/v1/user/upDateUser/:id, PATCH} route {"context":"RouterExplorer","timestamp":"2023-01-30T07:19:37.040Z"}
info: Mapped {/api/v1/user/logByGroup, GET} route {"context":"RouterExplorer","timestamp":"2023-01-30T07:19:37.043Z"}
info: AuthController {/api/v1/auth}: {"context":"RoutesResolver","timestamp":"2023-01-30T07:19:37.045Z"}
info: Mapped {/api/v1/auth/signin, POST} route {"context":"RouterExplorer","timestamp":"2023-01-30T07:19:37.047Z"}
info: Mapped {/api/v1/auth/signup, POST} route {"context":"RouterExplorer","timestamp":"2023-01-30T07:19:37.056Z"}
info: Nest application successfully started {"context":"NestApplication","timestamp":"2023-01-30T07:19:37.068Z"}
